c:\users\jeffr\source\repos\softwarearchitectureclassapplication\x64\debug\automationbinding.lib
c:\users\jeffr\source\repos\softwarearchitectureclassapplication\x64\debug\automationbinding.exp
c:\users\jeffr\source\repos\softwarearchitectureclassapplication\automationbinding\x64\debug\vc142.pdb
c:\users\jeffr\source\repos\softwarearchitectureclassapplication\automationbinding\x64\debug\vc142.idb
c:\users\jeffr\source\repos\softwarearchitectureclassapplication\automationbinding\x64\debug\wirebuilder.obj
c:\users\jeffr\source\repos\softwarearchitectureclassapplication\automationbinding\x64\debug\wire.obj
c:\users\jeffr\source\repos\softwarearchitectureclassapplication\automationbinding\x64\debug\session.obj
c:\users\jeffr\source\repos\softwarearchitectureclassapplication\automationbinding\x64\debug\routingcollection.obj
c:\users\jeffr\source\repos\softwarearchitectureclassapplication\automationbinding\x64\debug\part.obj
c:\users\jeffr\source\repos\softwarearchitectureclassapplication\automationbinding\x64\debug\ibuilder.obj
c:\users\jeffr\source\repos\softwarearchitectureclassapplication\automationbinding\x64\debug\featurecollection.obj
c:\users\jeffr\source\repos\softwarearchitectureclassapplication\automationbinding\x64\debug\extrude.obj
c:\users\jeffr\source\repos\softwarearchitectureclassapplication\automationbinding\x64\debug\dllmain.obj
c:\users\jeffr\source\repos\softwarearchitectureclassapplication\automationbinding\x64\debug\cadobject.obj
c:\users\jeffr\source\repos\softwarearchitectureclassapplication\automationbinding\x64\debug\blockbuilder.obj
c:\users\jeffr\source\repos\softwarearchitectureclassapplication\automationbinding\x64\debug\block.obj
c:\users\jeffr\source\repos\softwarearchitectureclassapplication\automationbinding\x64\debug\automationbinding.ilk
c:\users\jeffr\source\repos\softwarearchitectureclassapplication\x64\debug\automationbinding.dll
c:\users\jeffr\source\repos\softwarearchitectureclassapplication\x64\debug\automationbinding.pdb
c:\users\jeffr\source\repos\softwarearchitectureclassapplication\automationbinding\x64\debug\automati.20be2158.tlog\automationbinding.write.1u.tlog
c:\users\jeffr\source\repos\softwarearchitectureclassapplication\automationbinding\x64\debug\automati.20be2158.tlog\cl.command.1.tlog
c:\users\jeffr\source\repos\softwarearchitectureclassapplication\automationbinding\x64\debug\automati.20be2158.tlog\cl.read.1.tlog
c:\users\jeffr\source\repos\softwarearchitectureclassapplication\automationbinding\x64\debug\automati.20be2158.tlog\cl.write.1.tlog
c:\users\jeffr\source\repos\softwarearchitectureclassapplication\automationbinding\x64\debug\automati.20be2158.tlog\link.command.1.tlog
c:\users\jeffr\source\repos\softwarearchitectureclassapplication\automationbinding\x64\debug\automati.20be2158.tlog\link.read.1.tlog
c:\users\jeffr\source\repos\softwarearchitectureclassapplication\automationbinding\x64\debug\automati.20be2158.tlog\link.write.1.tlog
